<?xml version="1.0" encoding="UTF-8"?>
<testsuite xmlns:xsi="http://www.w3.org/2001/XMLSchema-instance" xsi:noNamespaceSchemaLocation="https://maven.apache.org/surefire/maven-surefire-plugin/xsd/surefire-test-report-3.0.xsd" version="3.0" name="com.myapp.server.MyappserverApplicationTests" time="4.395" tests="1" errors="0" skipped="0" failures="0">
  <properties>
[...]
</properties>
  <testcase name="contextLoads" classname="com.myapp.server.MyappserverApplicationTests" time="0.583">
    <system-out><![CDATA[14:16:18.891 [main] INFO org.springframework.test.context.support.AnnotationConfigContextLoaderUtils -- Could not detect default configuration classes for test class [com.myapp.server.MyappserverApplicationTests]: MyappserverApplicationTests does not declare any static, non-private, non-final, nested classes annotated with @Configuration.
14:16:19.034 [main] INFO org.springframework.boot.test.context.SpringBootTestContextBootstrapper -- Found @SpringBootConfiguration com.myapp.server.MyappserverApplication for test class com.myapp.server.MyappserverApplicationTests

  .   ____          _            __ _ _
 /\\ / ___'_ __ _ _(_)_ __  __ _ \ \ \ \
( ( )\___ | '_ | '_| | '_ \/ _` | \ \ \ \
 \\/  ___)| |_)| | | | | || (_| |  ) ) ) )
  '  |____| .__|_| |_|_| |_\__, | / / / /
 =========|_|==============|___/=/_/_/_/
 :: Spring Boot ::                (v3.1.2)

2025-05-23T14:16:19.636+08:00  INFO 7076 --- [           main] c.m.server.MyappserverApplicationTests   : Starting MyappserverApplicationTests using Java 22.0.2 with PID 7076 (started by 25173 in D:\Git\myappserver)
2025-05-23T14:16:19.638+08:00  INFO 7076 --- [           main] c.m.server.MyappserverApplicationTests   : No active profile set, falling back to 1 default profile: "default"
2025-05-23T14:16:20.418+08:00  INFO 7076 --- [           main] .s.d.r.c.RepositoryConfigurationDelegate : Bootstrapping Spring Data JDBC repositories in DEFAULT mode.
2025-05-23T14:16:20.438+08:00  INFO 7076 --- [           main] .s.d.r.c.RepositoryConfigurationDelegate : Finished Spring Data repository scanning in 14 ms. Found 0 JDBC repository interfaces.
 _ _   |_  _ _|_. ___ _ |    _ 
| | |\/|_)(_| | |_\  |_)||_|_\ 
     /               |         
                        3.5.3.1 
2025-05-23T14:16:22.117+08:00  INFO 7076 --- [           main] com.zaxxer.hikari.HikariDataSource       : HikariPool-1 - Starting...
2025-05-23T14:16:22.304+08:00  INFO 7076 --- [           main] com.zaxxer.hikari.pool.HikariPool        : HikariPool-1 - Added connection com.mysql.cj.jdbc.ConnectionImpl@24aedcc5
2025-05-23T14:16:22.306+08:00  INFO 7076 --- [           main] com.zaxxer.hikari.HikariDataSource       : HikariPool-1 - Start completed.
2025-05-23T14:16:22.472+08:00  INFO 7076 --- [           main] c.m.server.MyappserverApplicationTests   : Started MyappserverApplicationTests in 3.299 seconds (process running for 4.534)
]]></system-out>
    <system-err><![CDATA[WARNING: A Java agent has been loaded dynamically (D:\MAVEN_repository\net\bytebuddy\byte-buddy-agent\1.14.5\byte-buddy-agent-1.14.5.jar)
WARNING: If a serviceability tool is in use, please run with -XX:+EnableDynamicAgentLoading to hide this warning
WARNING: If a serviceability tool is not in use, please run with -Djdk.instrument.traceUsage for more information
WARNING: Dynamic loading of agents will be disallowed by default in a future release
]]></system-err>
  </testcase>
</testsuite>